<?xml version="1.0" encoding="UTF-8"?>
<!-- Generated by org.testng.reporters.JUnitXMLReporter -->
<testsuite ignored="0" hostname="Pallavi2803" failures="2" tests="4" name="Test" time="267.854" errors="0" timestamp="2023-12-14T22:11:07 IST">
  <testcase classname="TestNGScript.Assert" name="facebook" time="99.866"/>
  <testcase classname="TestNGScript.Assert" name="login" time="5.73">
    <failure type="java.lang.AssertionError" message="The following asserts failed:
	expected [actiTIME] but found [actiTIME - Login]">
      <![CDATA[java.lang.AssertionError: The following asserts failed:
expected [actiTIME] but found [actiTIME - Login]
at TestNGScript.Assert.login(Assert.java:22)
at java.base/java.util.ArrayList.forEach(ArrayList.java:1511)
... Removed 29 stack frames]]>
    </failure>
  </testcase> <!-- login -->
  <testcase classname="TestNGScript.Assert12" name="facebook" time="39.052"/>
  <testcase classname="TestNGScript.Assert12" name="login" time="5.758">
    <failure type="java.lang.AssertionError" message="expected [actiTIME] but found [actiTIME - Login]">
      <![CDATA[java.lang.AssertionError: expected [actiTIME] but found [actiTIME - Login]
at TestNGScript.Assert12.login(Assert12.java:21)
at java.base/java.util.ArrayList.forEach(ArrayList.java:1511)
... Removed 33 stack frames]]>
    </failure>
  </testcase> <!-- login -->
</testsuite> <!-- Test -->
